c:\workstation\vsworkspace\projects\editabletreemodel\editabletreemodel\x64\debug\qrc_editabletreemodel.obj
c:\workstation\vsworkspace\projects\editabletreemodel\editabletreemodel\x64\debug\moc_mainwindow.obj
c:\workstation\vsworkspace\projects\editabletreemodel\editabletreemodel\x64\debug\treeitem.obj
c:\workstation\vsworkspace\projects\editabletreemodel\editabletreemodel\x64\debug\moc_treemodel.obj
c:\workstation\vsworkspace\projects\editabletreemodel\editabletreemodel\x64\debug\mainwindow.obj
c:\workstation\vsworkspace\projects\editabletreemodel\editabletreemodel\x64\debug\treemodel.obj
c:\workstation\vsworkspace\projects\editabletreemodel\editabletreemodel\x64\debug\main.obj
c:\workstation\vsworkspace\projects\editabletreemodel\editabletreemodel\x64\debug\vc120.pdb
c:\workstation\vsworkspace\projects\editabletreemodel\editabletreemodel\generatedfiles\ui_mainwindow.h
c:\workstation\vsworkspace\projects\editabletreemodel\editabletreemodel\generatedfiles\qrc_editabletreemodel.cpp
c:\workstation\vsworkspace\projects\editabletreemodel\editabletreemodel\generatedfiles\debug\moc_mainwindow.cpp
c:\workstation\vsworkspace\projects\editabletreemodel\editabletreemodel\generatedfiles\debug\moc_treemodel.cpp
c:\workstation\vsworkspace\projects\editabletreemodel\x64\debug\editabletreemodel.ilk
c:\workstation\vsworkspace\projects\editabletreemodel\x64\debug\editabletreemodel.exe
c:\workstation\vsworkspace\projects\editabletreemodel\x64\debug\editabletreemodel.pdb
c:\workstation\vsworkspace\projects\editabletreemodel\editabletreemodel\.\generatedfiles\debug\moc_mainwindow.cpp
c:\workstation\vsworkspace\projects\editabletreemodel\editabletreemodel\.\generatedfiles\debug\moc_treemodel.cpp
c:\workstation\vsworkspace\projects\editabletreemodel\editabletreemodel\.\generatedfiles\qrc_editabletreemodel.cpp
c:\workstation\vsworkspace\projects\editabletreemodel\editabletreemodel\.\generatedfiles\ui_mainwindow.h
c:\workstation\vsworkspace\projects\editabletreemodel\editabletreemodel\x64\debug\editable.b12702ad.tlog\cl.command.1.tlog
c:\workstation\vsworkspace\projects\editabletreemodel\editabletreemodel\x64\debug\editable.b12702ad.tlog\cl.read.1.tlog
c:\workstation\vsworkspace\projects\editabletreemodel\editabletreemodel\x64\debug\editable.b12702ad.tlog\cl.write.1.tlog
c:\workstation\vsworkspace\projects\editabletreemodel\editabletreemodel\x64\debug\editable.b12702ad.tlog\editabletreemodel.write.1u.tlog
c:\workstation\vsworkspace\projects\editabletreemodel\editabletreemodel\x64\debug\editable.b12702ad.tlog\link.command.1.tlog
c:\workstation\vsworkspace\projects\editabletreemodel\editabletreemodel\x64\debug\editable.b12702ad.tlog\link.read.1.tlog
c:\workstation\vsworkspace\projects\editabletreemodel\editabletreemodel\x64\debug\editable.b12702ad.tlog\link.write.1.tlog
c:\workstation\vsworkspace\projects\editabletreemodel\editabletreemodel\x64\debug\editable.b12702ad.tlog\moc.read.1u.tlog
c:\workstation\vsworkspace\projects\editabletreemodel\editabletreemodel\x64\debug\editable.b12702ad.tlog\moc.write.1u.tlog
c:\workstation\vsworkspace\projects\editabletreemodel\editabletreemodel\x64\debug\editable.b12702ad.tlog\rcc.read.1u.tlog
c:\workstation\vsworkspace\projects\editabletreemodel\editabletreemodel\x64\debug\editable.b12702ad.tlog\rcc.write.1u.tlog
c:\workstation\vsworkspace\projects\editabletreemodel\editabletreemodel\x64\debug\editable.b12702ad.tlog\uic.read.1u.tlog
c:\workstation\vsworkspace\projects\editabletreemodel\editabletreemodel\x64\debug\editable.b12702ad.tlog\uic.write.1u.tlog
